{
  "RSpec": {
    "coverage": {
      "/Users/alankrumholz/turing/1mod/flash_cards/flash_cards/lib/round.rb": {
        "lines": [
          1,
          null,
          1,
          1,
          null,
          1,
          null,
          null,
          null,
          null,
          1,
          12,
          12,
          12,
          12,
          12,
          12,
          null,
          null,
          1,
          15,
          null,
          null,
          1,
          13,
          13,
          13,
          13,
          13,
          13,
          null,
          null,
          1,
          2,
          null,
          null,
          1,
          1,
          null,
          null,
          1,
          3,
          6,
          null,
          null,
          null,
          1,
          1,
          2,
          null,
          1,
          null,
          null,
          null,
          null,
          null,
          null,
          null,
          1,
          1,
          3,
          null,
          null,
          null,
          1,
          0,
          0,
          0,
          0,
          0,
          0,
          null,
          null,
          1,
          0,
          0,
          0,
          0,
          0,
          0,
          0,
          0,
          null,
          0,
          null,
          null,
          1,
          0,
          0,
          null,
          0,
          0,
          null,
          0,
          null,
          null
        ]
      },
      "/Users/alankrumholz/turing/1mod/flash_cards/flash_cards/lib/deck.rb": {
        "lines": [
          1,
          null,
          1,
          1,
          null,
          1,
          15,
          null,
          null,
          1,
          1,
          null,
          null,
          1,
          3,
          9,
          null,
          null,
          null
        ]
      },
      "/Users/alankrumholz/turing/1mod/flash_cards/flash_cards/lib/turn.rb": {
        "lines": [
          1,
          null,
          1,
          1,
          null,
          null,
          1,
          20,
          20,
          null,
          null,
          1,
          22,
          null,
          null,
          1,
          3,
          null,
          null
        ]
      },
      "/Users/alankrumholz/turing/1mod/flash_cards/flash_cards/lib/card.rb": {
        "lines": [
          1,
          1,
          null,
          1,
          56,
          56,
          56,
          null,
          null
        ]
      },
      "/Users/alankrumholz/turing/1mod/flash_cards/flash_cards/spec/card_spec.rb": {
        "lines": [
          1,
          null,
          1,
          1,
          4,
          null,
          null,
          1,
          1,
          null,
          null,
          1,
          1,
          null,
          null,
          1,
          1,
          null,
          null,
          1,
          1,
          null,
          null
        ]
      },
      "/Users/alankrumholz/turing/1mod/flash_cards/flash_cards/spec/deck_spec.rb": {
        "lines": [
          1,
          null,
          1,
          1,
          3,
          3,
          null,
          null,
          3,
          null,
          3,
          3,
          null,
          null,
          1,
          1,
          null,
          null,
          1,
          1,
          null,
          null,
          1,
          1,
          1,
          1,
          null,
          null
        ]
      },
      "/Users/alankrumholz/turing/1mod/flash_cards/flash_cards/spec/round_spec.rb": {
        "lines": [
          1,
          null,
          1,
          1,
          12,
          12,
          null,
          null,
          12,
          null,
          12,
          12,
          12,
          null,
          null,
          1,
          1,
          null,
          null,
          1,
          1,
          null,
          null,
          1,
          1,
          null,
          null,
          1,
          1,
          1,
          null,
          null,
          1,
          1,
          1,
          null,
          null,
          1,
          1,
          1,
          null,
          null,
          1,
          1,
          1,
          1,
          null,
          null,
          1,
          1,
          1,
          1,
          null,
          null,
          1,
          1,
          1,
          1,
          null,
          null,
          1,
          1,
          1,
          1,
          1,
          null,
          null,
          1,
          1,
          1,
          1,
          1,
          null,
          null,
          1,
          1,
          1,
          null,
          null
        ]
      },
      "/Users/alankrumholz/turing/1mod/flash_cards/flash_cards/spec/turn_spec.rb": {
        "lines": [
          1,
          null,
          1,
          1,
          6,
          6,
          null,
          null,
          1,
          1,
          null,
          null,
          1,
          1,
          null,
          null,
          1,
          1,
          1,
          1,
          null,
          null,
          1,
          1,
          null,
          null,
          1,
          1,
          null,
          null,
          1,
          1,
          1,
          1,
          null,
          null
        ]
      }
    },
    "timestamp": 1657454315
  }
}
